[2025-04-10 01:59:49] local.ERROR: Class "" not found {"exception":"[object] (Error(code: 0): Class \"\" not found at K:\\doanbe2\\doanbe2_ver3\\Code_git\\DoAnDoiTheCao\\laravel_12\\vendor\\laravel\\framework\\src\\Illuminate\\Database\\Migrations\\Migrator.php:555)
[stacktrace]
#0 K:\\doanbe2\\doanbe2_ver3\\Code_git\\DoAnDoiTheCao\\laravel_12\\vendor\\laravel\\framework\\src\\Illuminate\\Database\\Migrations\\Migrator.php(235): Illuminate\\Database\\Migrations\\Migrator->resolvePath('K:\\\\doanbe2\\\\doan...')
#1 K:\\doanbe2\\doanbe2_ver3\\Code_git\\DoAnDoiTheCao\\laravel_12\\vendor\\laravel\\framework\\src\\Illuminate\\Database\\Migrations\\Migrator.php(210): Illuminate\\Database\\Migrations\\Migrator->runUp('K:\\\\doanbe2\\\\doan...', 1, false)
#2 K:\\doanbe2\\doanbe2_ver3\\Code_git\\DoAnDoiTheCao\\laravel_12\\vendor\\laravel\\framework\\src\\Illuminate\\Database\\Migrations\\Migrator.php(137): Illuminate\\Database\\Migrations\\Migrator->runPending(Array, Array)
#3 K:\\doanbe2\\doanbe2_ver3\\Code_git\\DoAnDoiTheCao\\laravel_12\\vendor\\laravel\\framework\\src\\Illuminate\\Database\\Console\\Migrations\\MigrateCommand.php(116): Illuminate\\Database\\Migrations\\Migrator->run(Array, Array)
#4 K:\\doanbe2\\doanbe2_ver3\\Code_git\\DoAnDoiTheCao\\laravel_12\\vendor\\laravel\\framework\\src\\Illuminate\\Database\\Migrations\\Migrator.php(665): Illuminate\\Database\\Console\\Migrations\\MigrateCommand->Illuminate\\Database\\Console\\Migrations\\{closure}()
#5 K:\\doanbe2\\doanbe2_ver3\\Code_git\\DoAnDoiTheCao\\laravel_12\\vendor\\laravel\\framework\\src\\Illuminate\\Database\\Console\\Migrations\\MigrateCommand.php(109): Illuminate\\Database\\Migrations\\Migrator->usingConnection(NULL, Object(Closure))
#6 K:\\doanbe2\\doanbe2_ver3\\Code_git\\DoAnDoiTheCao\\laravel_12\\vendor\\laravel\\framework\\src\\Illuminate\\Database\\Console\\Migrations\\MigrateCommand.php(88): Illuminate\\Database\\Console\\Migrations\\MigrateCommand->runMigrations()
#7 K:\\doanbe2\\doanbe2_ver3\\Code_git\\DoAnDoiTheCao\\laravel_12\\vendor\\laravel\\framework\\src\\Illuminate\\Container\\BoundMethod.php(36): Illuminate\\Database\\Console\\Migrations\\MigrateCommand->handle()
#8 K:\\doanbe2\\doanbe2_ver3\\Code_git\\DoAnDoiTheCao\\laravel_12\\vendor\\laravel\\framework\\src\\Illuminate\\Container\\Util.php(43): Illuminate\\Container\\BoundMethod::Illuminate\\Container\\{closure}()
#9 K:\\doanbe2\\doanbe2_ver3\\Code_git\\DoAnDoiTheCao\\laravel_12\\vendor\\laravel\\framework\\src\\Illuminate\\Container\\BoundMethod.php(96): Illuminate\\Container\\Util::unwrapIfClosure(Object(Closure))
#10 K:\\doanbe2\\doanbe2_ver3\\Code_git\\DoAnDoiTheCao\\laravel_12\\vendor\\laravel\\framework\\src\\Illuminate\\Container\\BoundMethod.php(35): Illuminate\\Container\\BoundMethod::callBoundMethod(Object(Illuminate\\Foundation\\Application), Array, Object(Closure))
#11 K:\\doanbe2\\doanbe2_ver3\\Code_git\\DoAnDoiTheCao\\laravel_12\\vendor\\laravel\\framework\\src\\Illuminate\\Container\\Container.php(754): Illuminate\\Container\\BoundMethod::call(Object(Illuminate\\Foundation\\Application), Array, Array, NULL)
#12 K:\\doanbe2\\doanbe2_ver3\\Code_git\\DoAnDoiTheCao\\laravel_12\\vendor\\laravel\\framework\\src\\Illuminate\\Console\\Command.php(211): Illuminate\\Container\\Container->call(Array)
#13 K:\\doanbe2\\doanbe2_ver3\\Code_git\\DoAnDoiTheCao\\laravel_12\\vendor\\symfony\\console\\Command\\Command.php(279): Illuminate\\Console\\Command->execute(Object(Symfony\\Component\\Console\\Input\\ArgvInput), Object(Illuminate\\Console\\OutputStyle))
#14 K:\\doanbe2\\doanbe2_ver3\\Code_git\\DoAnDoiTheCao\\laravel_12\\vendor\\laravel\\framework\\src\\Illuminate\\Console\\Command.php(180): Symfony\\Component\\Console\\Command\\Command->run(Object(Symfony\\Component\\Console\\Input\\ArgvInput), Object(Illuminate\\Console\\OutputStyle))
#15 K:\\doanbe2\\doanbe2_ver3\\Code_git\\DoAnDoiTheCao\\laravel_12\\vendor\\symfony\\console\\Application.php(1094): Illuminate\\Console\\Command->run(Object(Symfony\\Component\\Console\\Input\\ArgvInput), Object(Symfony\\Component\\Console\\Output\\ConsoleOutput))
#16 K:\\doanbe2\\doanbe2_ver3\\Code_git\\DoAnDoiTheCao\\laravel_12\\vendor\\symfony\\console\\Application.php(342): Symfony\\Component\\Console\\Application->doRunCommand(Object(Illuminate\\Database\\Console\\Migrations\\MigrateCommand), Object(Symfony\\Component\\Console\\Input\\ArgvInput), Object(Symfony\\Component\\Console\\Output\\ConsoleOutput))
#17 K:\\doanbe2\\doanbe2_ver3\\Code_git\\DoAnDoiTheCao\\laravel_12\\vendor\\symfony\\console\\Application.php(193): Symfony\\Component\\Console\\Application->doRun(Object(Symfony\\Component\\Console\\Input\\ArgvInput), Object(Symfony\\Component\\Console\\Output\\ConsoleOutput))
#18 K:\\doanbe2\\doanbe2_ver3\\Code_git\\DoAnDoiTheCao\\laravel_12\\vendor\\laravel\\framework\\src\\Illuminate\\Foundation\\Console\\Kernel.php(197): Symfony\\Component\\Console\\Application->run(Object(Symfony\\Component\\Console\\Input\\ArgvInput), Object(Symfony\\Component\\Console\\Output\\ConsoleOutput))
#19 K:\\doanbe2\\doanbe2_ver3\\Code_git\\DoAnDoiTheCao\\laravel_12\\vendor\\laravel\\framework\\src\\Illuminate\\Foundation\\Application.php(1234): Illuminate\\Foundation\\Console\\Kernel->handle(Object(Symfony\\Component\\Console\\Input\\ArgvInput), Object(Symfony\\Component\\Console\\Output\\ConsoleOutput))
#20 K:\\doanbe2\\doanbe2_ver3\\Code_git\\DoAnDoiTheCao\\laravel_12\\artisan(16): Illuminate\\Foundation\\Application->handleCommand(Object(Symfony\\Component\\Console\\Input\\ArgvInput))
#21 {main}
"} 
[2025-04-10 02:03:16] local.ERROR: Class "" not found {"exception":"[object] (Error(code: 0): Class \"\" not found at K:\\doanbe2\\doanbe2_ver3\\Code_git\\DoAnDoiTheCao\\laravel_12\\vendor\\laravel\\framework\\src\\Illuminate\\Database\\Migrations\\Migrator.php:555)
[stacktrace]
#0 K:\\doanbe2\\doanbe2_ver3\\Code_git\\DoAnDoiTheCao\\laravel_12\\vendor\\laravel\\framework\\src\\Illuminate\\Database\\Migrations\\Migrator.php(235): Illuminate\\Database\\Migrations\\Migrator->resolvePath('K:\\\\doanbe2\\\\doan...')
#1 K:\\doanbe2\\doanbe2_ver3\\Code_git\\DoAnDoiTheCao\\laravel_12\\vendor\\laravel\\framework\\src\\Illuminate\\Database\\Migrations\\Migrator.php(210): Illuminate\\Database\\Migrations\\Migrator->runUp('K:\\\\doanbe2\\\\doan...', 1, false)
#2 K:\\doanbe2\\doanbe2_ver3\\Code_git\\DoAnDoiTheCao\\laravel_12\\vendor\\laravel\\framework\\src\\Illuminate\\Database\\Migrations\\Migrator.php(137): Illuminate\\Database\\Migrations\\Migrator->runPending(Array, Array)
#3 K:\\doanbe2\\doanbe2_ver3\\Code_git\\DoAnDoiTheCao\\laravel_12\\vendor\\laravel\\framework\\src\\Illuminate\\Database\\Console\\Migrations\\MigrateCommand.php(116): Illuminate\\Database\\Migrations\\Migrator->run(Array, Array)
#4 K:\\doanbe2\\doanbe2_ver3\\Code_git\\DoAnDoiTheCao\\laravel_12\\vendor\\laravel\\framework\\src\\Illuminate\\Database\\Migrations\\Migrator.php(665): Illuminate\\Database\\Console\\Migrations\\MigrateCommand->Illuminate\\Database\\Console\\Migrations\\{closure}()
#5 K:\\doanbe2\\doanbe2_ver3\\Code_git\\DoAnDoiTheCao\\laravel_12\\vendor\\laravel\\framework\\src\\Illuminate\\Database\\Console\\Migrations\\MigrateCommand.php(109): Illuminate\\Database\\Migrations\\Migrator->usingConnection(NULL, Object(Closure))
#6 K:\\doanbe2\\doanbe2_ver3\\Code_git\\DoAnDoiTheCao\\laravel_12\\vendor\\laravel\\framework\\src\\Illuminate\\Database\\Console\\Migrations\\MigrateCommand.php(88): Illuminate\\Database\\Console\\Migrations\\MigrateCommand->runMigrations()
#7 K:\\doanbe2\\doanbe2_ver3\\Code_git\\DoAnDoiTheCao\\laravel_12\\vendor\\laravel\\framework\\src\\Illuminate\\Container\\BoundMethod.php(36): Illuminate\\Database\\Console\\Migrations\\MigrateCommand->handle()
#8 K:\\doanbe2\\doanbe2_ver3\\Code_git\\DoAnDoiTheCao\\laravel_12\\vendor\\laravel\\framework\\src\\Illuminate\\Container\\Util.php(43): Illuminate\\Container\\BoundMethod::Illuminate\\Container\\{closure}()
#9 K:\\doanbe2\\doanbe2_ver3\\Code_git\\DoAnDoiTheCao\\laravel_12\\vendor\\laravel\\framework\\src\\Illuminate\\Container\\BoundMethod.php(96): Illuminate\\Container\\Util::unwrapIfClosure(Object(Closure))
#10 K:\\doanbe2\\doanbe2_ver3\\Code_git\\DoAnDoiTheCao\\laravel_12\\vendor\\laravel\\framework\\src\\Illuminate\\Container\\BoundMethod.php(35): Illuminate\\Container\\BoundMethod::callBoundMethod(Object(Illuminate\\Foundation\\Application), Array, Object(Closure))
#11 K:\\doanbe2\\doanbe2_ver3\\Code_git\\DoAnDoiTheCao\\laravel_12\\vendor\\laravel\\framework\\src\\Illuminate\\Container\\Container.php(754): Illuminate\\Container\\BoundMethod::call(Object(Illuminate\\Foundation\\Application), Array, Array, NULL)
#12 K:\\doanbe2\\doanbe2_ver3\\Code_git\\DoAnDoiTheCao\\laravel_12\\vendor\\laravel\\framework\\src\\Illuminate\\Console\\Command.php(211): Illuminate\\Container\\Container->call(Array)
#13 K:\\doanbe2\\doanbe2_ver3\\Code_git\\DoAnDoiTheCao\\laravel_12\\vendor\\symfony\\console\\Command\\Command.php(279): Illuminate\\Console\\Command->execute(Object(Symfony\\Component\\Console\\Input\\ArrayInput), Object(Illuminate\\Console\\OutputStyle))
#14 K:\\doanbe2\\doanbe2_ver3\\Code_git\\DoAnDoiTheCao\\laravel_12\\vendor\\laravel\\framework\\src\\Illuminate\\Console\\Command.php(180): Symfony\\Component\\Console\\Command\\Command->run(Object(Symfony\\Component\\Console\\Input\\ArrayInput), Object(Illuminate\\Console\\OutputStyle))
#15 K:\\doanbe2\\doanbe2_ver3\\Code_git\\DoAnDoiTheCao\\laravel_12\\vendor\\laravel\\framework\\src\\Illuminate\\Console\\Concerns\\CallsCommands.php(68): Illuminate\\Console\\Command->run(Object(Symfony\\Component\\Console\\Input\\ArrayInput), Object(Illuminate\\Console\\OutputStyle))
#16 K:\\doanbe2\\doanbe2_ver3\\Code_git\\DoAnDoiTheCao\\laravel_12\\vendor\\laravel\\framework\\src\\Illuminate\\Console\\Concerns\\CallsCommands.php(29): Illuminate\\Console\\Command->runCommand('migrate', Array, Object(Illuminate\\Console\\OutputStyle))
#17 K:\\doanbe2\\doanbe2_ver3\\Code_git\\DoAnDoiTheCao\\laravel_12\\vendor\\laravel\\framework\\src\\Illuminate\\Database\\Console\\Migrations\\FreshCommand.php(81): Illuminate\\Console\\Command->call('migrate', Array)
#18 K:\\doanbe2\\doanbe2_ver3\\Code_git\\DoAnDoiTheCao\\laravel_12\\vendor\\laravel\\framework\\src\\Illuminate\\Container\\BoundMethod.php(36): Illuminate\\Database\\Console\\Migrations\\FreshCommand->handle()
#19 K:\\doanbe2\\doanbe2_ver3\\Code_git\\DoAnDoiTheCao\\laravel_12\\vendor\\laravel\\framework\\src\\Illuminate\\Container\\Util.php(43): Illuminate\\Container\\BoundMethod::Illuminate\\Container\\{closure}()
#20 K:\\doanbe2\\doanbe2_ver3\\Code_git\\DoAnDoiTheCao\\laravel_12\\vendor\\laravel\\framework\\src\\Illuminate\\Container\\BoundMethod.php(96): Illuminate\\Container\\Util::unwrapIfClosure(Object(Closure))
#21 K:\\doanbe2\\doanbe2_ver3\\Code_git\\DoAnDoiTheCao\\laravel_12\\vendor\\laravel\\framework\\src\\Illuminate\\Container\\BoundMethod.php(35): Illuminate\\Container\\BoundMethod::callBoundMethod(Object(Illuminate\\Foundation\\Application), Array, Object(Closure))
#22 K:\\doanbe2\\doanbe2_ver3\\Code_git\\DoAnDoiTheCao\\laravel_12\\vendor\\laravel\\framework\\src\\Illuminate\\Container\\Container.php(754): Illuminate\\Container\\BoundMethod::call(Object(Illuminate\\Foundation\\Application), Array, Array, NULL)
#23 K:\\doanbe2\\doanbe2_ver3\\Code_git\\DoAnDoiTheCao\\laravel_12\\vendor\\laravel\\framework\\src\\Illuminate\\Console\\Command.php(211): Illuminate\\Container\\Container->call(Array)
#24 K:\\doanbe2\\doanbe2_ver3\\Code_git\\DoAnDoiTheCao\\laravel_12\\vendor\\symfony\\console\\Command\\Command.php(279): Illuminate\\Console\\Command->execute(Object(Symfony\\Component\\Console\\Input\\ArgvInput), Object(Illuminate\\Console\\OutputStyle))
#25 K:\\doanbe2\\doanbe2_ver3\\Code_git\\DoAnDoiTheCao\\laravel_12\\vendor\\laravel\\framework\\src\\Illuminate\\Console\\Command.php(180): Symfony\\Component\\Console\\Command\\Command->run(Object(Symfony\\Component\\Console\\Input\\ArgvInput), Object(Illuminate\\Console\\OutputStyle))
#26 K:\\doanbe2\\doanbe2_ver3\\Code_git\\DoAnDoiTheCao\\laravel_12\\vendor\\symfony\\console\\Application.php(1094): Illuminate\\Console\\Command->run(Object(Symfony\\Component\\Console\\Input\\ArgvInput), Object(Symfony\\Component\\Console\\Output\\ConsoleOutput))
#27 K:\\doanbe2\\doanbe2_ver3\\Code_git\\DoAnDoiTheCao\\laravel_12\\vendor\\symfony\\console\\Application.php(342): Symfony\\Component\\Console\\Application->doRunCommand(Object(Illuminate\\Database\\Console\\Migrations\\FreshCommand), Object(Symfony\\Component\\Console\\Input\\ArgvInput), Object(Symfony\\Component\\Console\\Output\\ConsoleOutput))
#28 K:\\doanbe2\\doanbe2_ver3\\Code_git\\DoAnDoiTheCao\\laravel_12\\vendor\\symfony\\console\\Application.php(193): Symfony\\Component\\Console\\Application->doRun(Object(Symfony\\Component\\Console\\Input\\ArgvInput), Object(Symfony\\Component\\Console\\Output\\ConsoleOutput))
#29 K:\\doanbe2\\doanbe2_ver3\\Code_git\\DoAnDoiTheCao\\laravel_12\\vendor\\laravel\\framework\\src\\Illuminate\\Foundation\\Console\\Kernel.php(197): Symfony\\Component\\Console\\Application->run(Object(Symfony\\Component\\Console\\Input\\ArgvInput), Object(Symfony\\Component\\Console\\Output\\ConsoleOutput))
#30 K:\\doanbe2\\doanbe2_ver3\\Code_git\\DoAnDoiTheCao\\laravel_12\\vendor\\laravel\\framework\\src\\Illuminate\\Foundation\\Application.php(1234): Illuminate\\Foundation\\Console\\Kernel->handle(Object(Symfony\\Component\\Console\\Input\\ArgvInput), Object(Symfony\\Component\\Console\\Output\\ConsoleOutput))
#31 K:\\doanbe2\\doanbe2_ver3\\Code_git\\DoAnDoiTheCao\\laravel_12\\artisan(16): Illuminate\\Foundation\\Application->handleCommand(Object(Symfony\\Component\\Console\\Input\\ArgvInput))
#32 {main}
"} 
